INFO:root:Sanity Check:
INFO:root:The number of user file(s) supplied is 23

INFO:root:The supplied file(s) is/are ['../surveys/Agarwal_2019_Rate-Data.json', '../surveys/Bhandari_2018_Rate-Data.json', '../surveys/Bhandari_2019_Rate-Data.json', '../surveys/Burgay_2012_Rate-Data.json', '../surveys/Burke-Spolaor_2014_Rate-Data.json', '../surveys/Champion_2016_Rate-Data.json', '../surveys/Deneva_2009_Rate-Data.json', '../surveys/GREENBURST_Rate-Data.json', '../surveys/Golpayegani_2019_Rate-Data.json', '../surveys/Keane_2010_Rate-Data.json', '../surveys/Law_2015_Rate-Data.json', '../surveys/Lorimer_2007_Rate-Data.json', '../surveys/Madison_2019_Rate-Data.json', '../surveys/Masui_2015_Rate-Data.json', '../surveys/Men_2019_Rate-Data.json', '../surveys/Oslowski_2019_Rate-Data.json', '../surveys/Petroff_2014_Rate-Data.json', '../surveys/Petroff_2015_Rate-Data.json', '../surveys/Qiu_2019_Rate-Data.json', '../surveys/Ravi_2015_Rate-Data.json', '../surveys/Shannon_2018_Rate-Data.json', '../surveys/Siemion_2011_Rate-Data.json', '../surveys/Spitler_2014_Rate-Data.json']

INFO:root:(array([ 1.,  4.,  1.,  0.,  1., 11.,  0.,  0.,  0.,  0.,  0.,  0.,  0.,
        0.,  0.,  3.,  0.,  0.,  1.,  0.,  0.,  4.,  0.,  1.,  1.,  1.,
       20.,  0.,  1.]), array([0.45      , 0.11666667, 0.45      , 0.11666667, 0.11666667,
       0.11666667, 0.03333333, 0.075     , 0.075     , 0.075     ,
       0.075     , 0.075     , 0.4       , 0.11666667, 0.5       ,
       0.11666667, 0.02916667, 0.075     , 0.125     , 0.02916667,
       0.075     , 0.11666667, 0.11666667, 0.11666667, 0.45      ,
       0.11666667, 0.45      , 1.25      , 0.03333333]), array([1.08000000e+04, 2.72200000e+03, 4.62960000e+04, 6.92380000e+03,
       1.19249000e+04, 3.62245000e+04, 3.21370000e+03, 2.19400000e+03,
       6.15000000e+02, 5.56000000e+02, 2.10000000e+02, 1.81000000e+02,
       1.20720000e+04, 2.02475000e+04, 1.66000000e+02, 9.62650000e+03,
       2.00000000e+01, 6.00000000e+01, 4.00000000e+02, 1.31583333e+01,
       6.01500000e+00, 6.59500000e+02, 1.20380000e+04, 1.11150000e+03,
       3.47000400e+04, 8.89200000e+02, 6.12000000e+04, 4.07400000e+03,
       8.05231000e+04]), array([9.29792604e+00, 2.80000000e-01, 2.46000000e+01, 2.64500000e-01,
       3.07500000e-01, 2.80000000e-01, 1.82500000e-01, 1.68000000e-01,
       1.06800000e+00, 3.00000000e-01, 9.60000000e-01, 3.12000000e-01,
       7.56000000e+00, 2.23500000e-01, 1.20000000e-01, 2.95000000e-01,
       2.10000000e-02, 8.70000000e-02, 2.70000000e-01, 2.10000000e-02,
       8.70000000e-02, 2.80000000e-01, 4.34000000e-01, 2.77500000e-01,
       2.46000000e+01, 2.77500000e-01, 2.46000000e+01, 5.90000000e+01,
       1.05000000e-01]), [[22], [0.7, 0.3, 0.43, 0.5], [24.210526315789476], [-1], [0.3], [1.3, 0.4, 0.5, 0.5, 0.87, 0.42, 0.69, 1.67, 0.18, 2.2, 27], [-1], [-1], [-1], [-1], [-1], [-1], [-1], [-1], [-1], [30, 0.25, 0.42], [-1], [-1], [0.6], [-1], [-1], [1.2, 23.5, 0.15, 0.6], [-1], [0.47], [177], [2.1], [24.166666666666668, 19.4, 7.727272727272727, 14.857142857142858, 29.6, 40.5, 40.55555555555555, 117.64705882352942, 27.39130434782609, 88.66666666666667, 21.05263157894737, 131.25, 40.74074074074074, 17.586206896551726, 28.695652173913047, 23.170731707317074, 22.22222222222222, 53.03867403314917], [-1], [0.4]])

INFO:root:log_ll([0.97504624, 1.91163861]) = 24616235.206149753


INFO:root:ivar is [1.17609126 2.5       ]


INFO:root:19 CPUs
INFO:root:Sanity Check:
INFO:root:The number of user file(s) supplied is 23

INFO:root:The supplied file(s) is/are ['../surveys/Agarwal_2019_Rate-Data.json', '../surveys/Bhandari_2018_Rate-Data.json', '../surveys/Bhandari_2019_Rate-Data.json', '../surveys/Burgay_2012_Rate-Data.json', '../surveys/Burke-Spolaor_2014_Rate-Data.json', '../surveys/Champion_2016_Rate-Data.json', '../surveys/Deneva_2009_Rate-Data.json', '../surveys/GREENBURST_Rate-Data.json', '../surveys/Golpayegani_2019_Rate-Data.json', '../surveys/Keane_2010_Rate-Data.json', '../surveys/Law_2015_Rate-Data.json', '../surveys/Lorimer_2007_Rate-Data.json', '../surveys/Madison_2019_Rate-Data.json', '../surveys/Masui_2015_Rate-Data.json', '../surveys/Men_2019_Rate-Data.json', '../surveys/Oslowski_2019_Rate-Data.json', '../surveys/Petroff_2014_Rate-Data.json', '../surveys/Petroff_2015_Rate-Data.json', '../surveys/Qiu_2019_Rate-Data.json', '../surveys/Ravi_2015_Rate-Data.json', '../surveys/Shannon_2018_Rate-Data.json', '../surveys/Siemion_2011_Rate-Data.json', '../surveys/Spitler_2014_Rate-Data.json']

INFO:root:(array([ 1.,  4.,  1.,  0.,  1., 11.,  0.,  0.,  0.,  0.,  0.,  0.,  0.,
        0.,  0.,  3.,  0.,  0.,  1.,  0.,  0.,  4.,  0.,  1.,  1.,  1.,
       20.,  0.,  1.]), array([0.45      , 0.11666667, 0.45      , 0.11666667, 0.11666667,
       0.11666667, 0.03333333, 0.075     , 0.075     , 0.075     ,
       0.075     , 0.075     , 0.4       , 0.11666667, 0.5       ,
       0.11666667, 0.02916667, 0.075     , 0.125     , 0.02916667,
       0.075     , 0.11666667, 0.11666667, 0.11666667, 0.45      ,
       0.11666667, 0.45      , 1.25      , 0.03333333]), array([1.08000000e+04, 2.72200000e+03, 4.62960000e+04, 6.92380000e+03,
       1.19249000e+04, 3.62245000e+04, 3.21370000e+03, 2.19400000e+03,
       6.15000000e+02, 5.56000000e+02, 2.10000000e+02, 1.81000000e+02,
       1.20720000e+04, 2.02475000e+04, 1.66000000e+02, 9.62650000e+03,
       2.00000000e+01, 6.00000000e+01, 4.00000000e+02, 1.31583333e+01,
       6.01500000e+00, 6.59500000e+02, 1.20380000e+04, 1.11150000e+03,
       3.47000400e+04, 8.89200000e+02, 6.12000000e+04, 4.07400000e+03,
       8.05231000e+04]), array([9.29792604e+00, 2.80000000e-01, 2.46000000e+01, 2.64500000e-01,
       3.07500000e-01, 2.80000000e-01, 1.82500000e-01, 1.68000000e-01,
       1.06800000e+00, 3.00000000e-01, 9.60000000e-01, 3.12000000e-01,
       7.56000000e+00, 2.23500000e-01, 1.20000000e-01, 2.95000000e-01,
       2.10000000e-02, 8.70000000e-02, 2.70000000e-01, 2.10000000e-02,
       8.70000000e-02, 2.80000000e-01, 4.34000000e-01, 2.77500000e-01,
       2.46000000e+01, 2.77500000e-01, 2.46000000e+01, 5.90000000e+01,
       1.05000000e-01]), [[22], [0.7, 0.3, 0.43, 0.5], [24.210526315789476], [-1], [0.3], [1.3, 0.4, 0.5, 0.5, 0.87, 0.42, 0.69, 1.67, 0.18, 2.2, 27], [-1], [-1], [-1], [-1], [-1], [-1], [-1], [-1], [-1], [30, 0.25, 0.42], [-1], [-1], [0.6], [-1], [-1], [1.2, 23.5, 0.15, 0.6], [-1], [0.47], [177], [2.1], [24.166666666666668, 19.4, 7.727272727272727, 14.857142857142858, 29.6, 40.5, 40.55555555555555, 117.64705882352942, 27.39130434782609, 88.66666666666667, 21.05263157894737, 131.25, 40.74074074074074, 17.586206896551726, 28.695652173913047, 23.170731707317074, 22.22222222222222, 53.03867403314917], [-1], [0.4]])

INFO:root:log_ll([0.97504624, 1.91163861]) = -403106.66110169515


INFO:root:ivar is [1.17609126 2.5       ]


INFO:root:19 CPUs
INFO:root:burn-in: 97
INFO:root:thin: 21
INFO:root:flat chain shape: (273600, 2)
INFO:root:flat log prob shape: (273600,)
INFO:root:the name of the np array file is all_samples_MCMC.npz.npz
INFO:root:Sanity Check:
INFO:root:The number of user file(s) supplied is 23

INFO:root:The supplied file(s) is/are ['../surveys/Agarwal_2019_Rate-Data.json', '../surveys/Bhandari_2018_Rate-Data.json', '../surveys/Bhandari_2019_Rate-Data.json', '../surveys/Burgay_2012_Rate-Data.json', '../surveys/Burke-Spolaor_2014_Rate-Data.json', '../surveys/Champion_2016_Rate-Data.json', '../surveys/Deneva_2009_Rate-Data.json', '../surveys/GREENBURST_Rate-Data.json', '../surveys/Golpayegani_2019_Rate-Data.json', '../surveys/Keane_2010_Rate-Data.json', '../surveys/Law_2015_Rate-Data.json', '../surveys/Lorimer_2007_Rate-Data.json', '../surveys/Madison_2019_Rate-Data.json', '../surveys/Masui_2015_Rate-Data.json', '../surveys/Men_2019_Rate-Data.json', '../surveys/Oslowski_2019_Rate-Data.json', '../surveys/Petroff_2014_Rate-Data.json', '../surveys/Petroff_2015_Rate-Data.json', '../surveys/Qiu_2019_Rate-Data.json', '../surveys/Ravi_2015_Rate-Data.json', '../surveys/Shannon_2018_Rate-Data.json', '../surveys/Siemion_2011_Rate-Data.json', '../surveys/Spitler_2014_Rate-Data.json']

INFO:root:(array([ 1.,  4.,  1.,  0.,  1., 11.,  0.,  0.,  0.,  0.,  0.,  0.,  0.,
        0.,  0.,  3.,  0.,  0.,  1.,  0.,  0.,  4.,  0.,  1.,  1.,  1.,
       20.,  0.,  1.]), array([0.45      , 0.11666667, 0.45      , 0.11666667, 0.11666667,
       0.11666667, 0.03333333, 0.075     , 0.075     , 0.075     ,
       0.075     , 0.075     , 0.4       , 0.11666667, 0.5       ,
       0.11666667, 0.02916667, 0.075     , 0.125     , 0.02916667,
       0.075     , 0.11666667, 0.11666667, 0.11666667, 0.45      ,
       0.11666667, 0.45      , 1.25      , 0.03333333]), array([1.08000000e+04, 2.72200000e+03, 4.62960000e+04, 6.92380000e+03,
       1.19249000e+04, 3.62245000e+04, 3.21370000e+03, 2.19400000e+03,
       6.15000000e+02, 5.56000000e+02, 2.10000000e+02, 1.81000000e+02,
       1.20720000e+04, 2.02475000e+04, 1.66000000e+02, 9.62650000e+03,
       2.00000000e+01, 6.00000000e+01, 4.00000000e+02, 1.31583333e+01,
       6.01500000e+00, 6.59500000e+02, 1.20380000e+04, 1.11150000e+03,
       3.47000400e+04, 8.89200000e+02, 6.12000000e+04, 4.07400000e+03,
       8.05231000e+04]), array([9.29792604e+00, 2.80000000e-01, 2.46000000e+01, 2.64500000e-01,
       3.07500000e-01, 2.80000000e-01, 1.82500000e-01, 1.68000000e-01,
       1.06800000e+00, 3.00000000e-01, 9.60000000e-01, 3.12000000e-01,
       7.56000000e+00, 2.23500000e-01, 1.20000000e-01, 2.95000000e-01,
       2.10000000e-02, 8.70000000e-02, 2.70000000e-01, 2.10000000e-02,
       8.70000000e-02, 2.80000000e-01, 4.34000000e-01, 2.77500000e-01,
       2.46000000e+01, 2.77500000e-01, 2.46000000e+01, 5.90000000e+01,
       1.05000000e-01]), [[22], [0.7, 0.3, 0.43, 0.5], [24.210526315789476], [-1], [0.3], [1.3, 0.4, 0.5, 0.5, 0.87, 0.42, 0.69, 1.67, 0.18, 2.2, 27], [-1], [-1], [-1], [-1], [-1], [-1], [-1], [-1], [-1], [30, 0.25, 0.42], [-1], [-1], [0.6], [-1], [-1], [1.2, 23.5, 0.15, 0.6], [-1], [0.47], [177], [2.1], [24.166666666666668, 19.4, 7.727272727272727, 14.857142857142858, 29.6, 40.5, 40.55555555555555, 117.64705882352942, 27.39130434782609, 88.66666666666667, 21.05263157894737, 131.25, 40.74074074074074, 17.586206896551726, 28.695652173913047, 23.170731707317074, 22.22222222222222, 53.03867403314917], [-1], [0.4]])

INFO:root:log_ll([0.97504624, 1.91163861]) = -403106.66110169515


INFO:root:ivar is [1.17609126 2.5       ]


INFO:root:19 CPUs
INFO:root:burn-in: 97
INFO:root:thin: 21
INFO:root:flat chain shape: (273600, 2)
INFO:root:flat log prob shape: (273600,)
INFO:root:the name of the np array file is all_samples_MCMC.npz
INFO:root:Sanity Check:
INFO:root:The number of user file(s) supplied is 23

INFO:root:The supplied file(s) is/are ['../surveys/Agarwal_2019_Rate-Data.json', '../surveys/Bhandari_2018_Rate-Data.json', '../surveys/Bhandari_2019_Rate-Data.json', '../surveys/Burgay_2012_Rate-Data.json', '../surveys/Burke-Spolaor_2014_Rate-Data.json', '../surveys/Champion_2016_Rate-Data.json', '../surveys/Deneva_2009_Rate-Data.json', '../surveys/GREENBURST_Rate-Data.json', '../surveys/Golpayegani_2019_Rate-Data.json', '../surveys/Keane_2010_Rate-Data.json', '../surveys/Law_2015_Rate-Data.json', '../surveys/Lorimer_2007_Rate-Data.json', '../surveys/Madison_2019_Rate-Data.json', '../surveys/Masui_2015_Rate-Data.json', '../surveys/Men_2019_Rate-Data.json', '../surveys/Oslowski_2019_Rate-Data.json', '../surveys/Petroff_2014_Rate-Data.json', '../surveys/Petroff_2015_Rate-Data.json', '../surveys/Qiu_2019_Rate-Data.json', '../surveys/Ravi_2015_Rate-Data.json', '../surveys/Shannon_2018_Rate-Data.json', '../surveys/Siemion_2011_Rate-Data.json', '../surveys/Spitler_2014_Rate-Data.json']

INFO:root:(array([ 1.,  4.,  1.,  0.,  1., 11.,  0.,  0.,  0.,  0.,  0.,  0.,  0.,
        0.,  0.,  3.,  0.,  0.,  1.,  0.,  0.,  4.,  0.,  1.,  1.,  1.,
       20.,  0.,  1.]), array([0.45      , 0.11666667, 0.45      , 0.11666667, 0.11666667,
       0.11666667, 0.03333333, 0.075     , 0.075     , 0.075     ,
       0.075     , 0.075     , 0.4       , 0.11666667, 0.5       ,
       0.11666667, 0.02916667, 0.075     , 0.125     , 0.02916667,
       0.075     , 0.11666667, 0.11666667, 0.11666667, 0.45      ,
       0.11666667, 0.45      , 1.25      , 0.03333333]), array([1.08000000e+04, 2.72200000e+03, 4.62960000e+04, 6.92380000e+03,
       1.19249000e+04, 3.62245000e+04, 3.21370000e+03, 2.19400000e+03,
       6.15000000e+02, 5.56000000e+02, 2.10000000e+02, 1.81000000e+02,
       1.20720000e+04, 2.02475000e+04, 1.66000000e+02, 9.62650000e+03,
       2.00000000e+01, 6.00000000e+01, 4.00000000e+02, 1.31583333e+01,
       6.01500000e+00, 6.59500000e+02, 1.20380000e+04, 1.11150000e+03,
       3.47000400e+04, 8.89200000e+02, 6.12000000e+04, 4.07400000e+03,
       8.05231000e+04]), array([9.29792604e+00, 2.80000000e-01, 2.46000000e+01, 2.64500000e-01,
       3.07500000e-01, 2.80000000e-01, 1.82500000e-01, 1.68000000e-01,
       1.06800000e+00, 3.00000000e-01, 9.60000000e-01, 3.12000000e-01,
       7.56000000e+00, 2.23500000e-01, 1.20000000e-01, 2.95000000e-01,
       2.10000000e-02, 8.70000000e-02, 2.70000000e-01, 2.10000000e-02,
       8.70000000e-02, 2.80000000e-01, 4.34000000e-01, 2.77500000e-01,
       2.46000000e+01, 2.77500000e-01, 2.46000000e+01, 5.90000000e+01,
       1.05000000e-01]), [[22], [0.7, 0.3, 0.43, 0.5], [24.210526315789476], [-1], [0.3], [1.3, 0.4, 0.5, 0.5, 0.87, 0.42, 0.69, 1.67, 0.18, 2.2, 27], [-1], [-1], [-1], [-1], [-1], [-1], [-1], [-1], [-1], [30, 0.25, 0.42], [-1], [-1], [0.6], [-1], [-1], [1.2, 23.5, 0.15, 0.6], [-1], [0.47], [177], [2.1], [24.166666666666668, 19.4, 7.727272727272727, 14.857142857142858, 29.6, 40.5, 40.55555555555555, 117.64705882352942, 27.39130434782609, 88.66666666666667, 21.05263157894737, 131.25, 40.74074074074074, 17.586206896551726, 28.695652173913047, 23.170731707317074, 22.22222222222222, 53.03867403314917], [-1], [0.4]])

INFO:root:log_ll([0.97504624, 1.91163861]) = 254940507.234435


INFO:root:ivar is [1.17609126 2.5       ]


INFO:root:19 CPUs
INFO:root:Sanity Check:
INFO:root:The number of user file(s) supplied is 23

INFO:root:The supplied file(s) is/are ['../surveys/Agarwal_2019_Rate-Data.json', '../surveys/Bhandari_2018_Rate-Data.json', '../surveys/Bhandari_2019_Rate-Data.json', '../surveys/Burgay_2012_Rate-Data.json', '../surveys/Burke-Spolaor_2014_Rate-Data.json', '../surveys/Champion_2016_Rate-Data.json', '../surveys/Deneva_2009_Rate-Data.json', '../surveys/GREENBURST_Rate-Data.json', '../surveys/Golpayegani_2019_Rate-Data.json', '../surveys/Keane_2010_Rate-Data.json', '../surveys/Law_2015_Rate-Data.json', '../surveys/Lorimer_2007_Rate-Data.json', '../surveys/Madison_2019_Rate-Data.json', '../surveys/Masui_2015_Rate-Data.json', '../surveys/Men_2019_Rate-Data.json', '../surveys/Oslowski_2019_Rate-Data.json', '../surveys/Petroff_2014_Rate-Data.json', '../surveys/Petroff_2015_Rate-Data.json', '../surveys/Qiu_2019_Rate-Data.json', '../surveys/Ravi_2015_Rate-Data.json', '../surveys/Shannon_2018_Rate-Data.json', '../surveys/Siemion_2011_Rate-Data.json', '../surveys/Spitler_2014_Rate-Data.json']

INFO:root:(array([ 1.,  4.,  1.,  0.,  1., 11.,  0.,  0.,  0.,  0.,  0.,  0.,  0.,
        0.,  0.,  3.,  0.,  0.,  1.,  0.,  0.,  4.,  0.,  1.,  1.,  1.,
       20.,  0.,  1.]), array([0.45      , 0.11666667, 0.45      , 0.11666667, 0.11666667,
       0.11666667, 0.03333333, 0.075     , 0.075     , 0.075     ,
       0.075     , 0.075     , 0.4       , 0.11666667, 0.5       ,
       0.11666667, 0.02916667, 0.075     , 0.125     , 0.02916667,
       0.075     , 0.11666667, 0.11666667, 0.11666667, 0.45      ,
       0.11666667, 0.45      , 1.25      , 0.03333333]), array([1.08000000e+04, 2.72200000e+03, 4.62960000e+04, 6.92380000e+03,
       1.19249000e+04, 3.62245000e+04, 3.21370000e+03, 2.19400000e+03,
       6.15000000e+02, 5.56000000e+02, 2.10000000e+02, 1.81000000e+02,
       1.20720000e+04, 2.02475000e+04, 1.66000000e+02, 9.62650000e+03,
       2.00000000e+01, 6.00000000e+01, 4.00000000e+02, 1.31583333e+01,
       6.01500000e+00, 6.59500000e+02, 1.20380000e+04, 1.11150000e+03,
       3.47000400e+04, 8.89200000e+02, 6.12000000e+04, 4.07400000e+03,
       8.05231000e+04]), array([9.29792604e+00, 2.80000000e-01, 2.46000000e+01, 2.64500000e-01,
       3.07500000e-01, 2.80000000e-01, 1.82500000e-01, 1.68000000e-01,
       1.06800000e+00, 3.00000000e-01, 9.60000000e-01, 3.12000000e-01,
       7.56000000e+00, 2.23500000e-01, 1.20000000e-01, 2.95000000e-01,
       2.10000000e-02, 8.70000000e-02, 2.70000000e-01, 2.10000000e-02,
       8.70000000e-02, 2.80000000e-01, 4.34000000e-01, 2.77500000e-01,
       2.46000000e+01, 2.77500000e-01, 2.46000000e+01, 5.90000000e+01,
       1.05000000e-01]), [[22], [0.7, 0.3, 0.43, 0.5], [24.210526315789476], [-1], [0.3], [1.3, 0.4, 0.5, 0.5, 0.87, 0.42, 0.69, 1.67, 0.18, 2.2, 27], [-1], [-1], [-1], [-1], [-1], [-1], [-1], [-1], [-1], [30, 0.25, 0.42], [-1], [-1], [0.6], [-1], [-1], [1.2, 23.5, 0.15, 0.6], [-1], [0.47], [177], [2.1], [24.166666666666668, 19.4, 7.727272727272727, 14.857142857142858, 29.6, 40.5, 40.55555555555555, 117.64705882352942, 27.39130434782609, 88.66666666666667, 21.05263157894737, 131.25, 40.74074074074074, 17.586206896551726, 28.695652173913047, 23.170731707317074, 22.22222222222222, 53.03867403314917], [-1], [0.4]])

INFO:root:log_ll([0.97504624, 1.91163861]) = 3473483.631457698


INFO:root:ivar is [1.17609126 2.5       ]


INFO:root:19 CPUs
INFO:root:Sanity Check:
INFO:root:The number of user file(s) supplied is 23

INFO:root:The supplied file(s) is/are ['../surveys/Agarwal_2019_Rate-Data.json', '../surveys/Bhandari_2018_Rate-Data.json', '../surveys/Bhandari_2019_Rate-Data.json', '../surveys/Burgay_2012_Rate-Data.json', '../surveys/Burke-Spolaor_2014_Rate-Data.json', '../surveys/Champion_2016_Rate-Data.json', '../surveys/Deneva_2009_Rate-Data.json', '../surveys/GREENBURST_Rate-Data.json', '../surveys/Golpayegani_2019_Rate-Data.json', '../surveys/Keane_2010_Rate-Data.json', '../surveys/Law_2015_Rate-Data.json', '../surveys/Lorimer_2007_Rate-Data.json', '../surveys/Madison_2019_Rate-Data.json', '../surveys/Masui_2015_Rate-Data.json', '../surveys/Men_2019_Rate-Data.json', '../surveys/Oslowski_2019_Rate-Data.json', '../surveys/Petroff_2014_Rate-Data.json', '../surveys/Petroff_2015_Rate-Data.json', '../surveys/Qiu_2019_Rate-Data.json', '../surveys/Ravi_2015_Rate-Data.json', '../surveys/Shannon_2018_Rate-Data.json', '../surveys/Siemion_2011_Rate-Data.json', '../surveys/Spitler_2014_Rate-Data.json']

INFO:root:(array([ 1.,  4.,  1.,  0.,  1., 11.,  0.,  0.,  0.,  0.,  0.,  0.,  0.,
        0.,  0.,  3.,  0.,  0.,  1.,  0.,  0.,  4.,  0.,  1.,  1.,  1.,
       20.,  0.,  1.]), array([0.45      , 0.11666667, 0.45      , 0.11666667, 0.11666667,
       0.11666667, 0.03333333, 0.075     , 0.075     , 0.075     ,
       0.075     , 0.075     , 0.4       , 0.11666667, 0.5       ,
       0.11666667, 0.02916667, 0.075     , 0.125     , 0.02916667,
       0.075     , 0.11666667, 0.11666667, 0.11666667, 0.45      ,
       0.11666667, 0.45      , 1.25      , 0.03333333]), array([1.08000000e+04, 2.72200000e+03, 4.62960000e+04, 6.92380000e+03,
       1.19249000e+04, 3.62245000e+04, 3.21370000e+03, 2.19400000e+03,
       6.15000000e+02, 5.56000000e+02, 2.10000000e+02, 1.81000000e+02,
       1.20720000e+04, 2.02475000e+04, 1.66000000e+02, 9.62650000e+03,
       2.00000000e+01, 6.00000000e+01, 4.00000000e+02, 1.31583333e+01,
       6.01500000e+00, 6.59500000e+02, 1.20380000e+04, 1.11150000e+03,
       3.47000400e+04, 8.89200000e+02, 6.12000000e+04, 4.07400000e+03,
       8.05231000e+04]), array([9.29792604e+00, 2.80000000e-01, 2.46000000e+01, 2.64500000e-01,
       3.07500000e-01, 2.80000000e-01, 1.82500000e-01, 1.68000000e-01,
       1.06800000e+00, 3.00000000e-01, 9.60000000e-01, 3.12000000e-01,
       7.56000000e+00, 2.23500000e-01, 1.20000000e-01, 2.95000000e-01,
       2.10000000e-02, 8.70000000e-02, 2.70000000e-01, 2.10000000e-02,
       8.70000000e-02, 2.80000000e-01, 4.34000000e-01, 2.77500000e-01,
       2.46000000e+01, 2.77500000e-01, 2.46000000e+01, 5.90000000e+01,
       1.05000000e-01]), [[22], [0.7, 0.3, 0.43, 0.5], [24.210526315789476], [-1], [0.3], [1.3, 0.4, 0.5, 0.5, 0.87, 0.42, 0.69, 1.67, 0.18, 2.2, 27], [-1], [-1], [-1], [-1], [-1], [-1], [-1], [-1], [-1], [30, 0.25, 0.42], [-1], [-1], [0.6], [-1], [-1], [1.2, 23.5, 0.15, 0.6], [-1], [0.47], [177], [2.1], [24.166666666666668, 19.4, 7.727272727272727, 14.857142857142858, 29.6, 40.5, 40.55555555555555, 117.64705882352942, 27.39130434782609, 88.66666666666667, 21.05263157894737, 131.25, 40.74074074074074, 17.586206896551726, 28.695652173913047, 23.170731707317074, 22.22222222222222, 53.03867403314917], [-1], [0.4]])

INFO:root:log_ll([0.97504624, 1.91163861]) = 3473483.631457698


INFO:root:ivar is [1.17609126 2.5       ]


INFO:root:19 CPUs
INFO:root:Sanity Check:
INFO:root:The number of user file(s) supplied is 23

INFO:root:The supplied file(s) is/are ['../surveys/Agarwal_2019_Rate-Data.json', '../surveys/Bhandari_2018_Rate-Data.json', '../surveys/Bhandari_2019_Rate-Data.json', '../surveys/Burgay_2012_Rate-Data.json', '../surveys/Burke-Spolaor_2014_Rate-Data.json', '../surveys/Champion_2016_Rate-Data.json', '../surveys/Deneva_2009_Rate-Data.json', '../surveys/GREENBURST_Rate-Data.json', '../surveys/Golpayegani_2019_Rate-Data.json', '../surveys/Keane_2010_Rate-Data.json', '../surveys/Law_2015_Rate-Data.json', '../surveys/Lorimer_2007_Rate-Data.json', '../surveys/Madison_2019_Rate-Data.json', '../surveys/Masui_2015_Rate-Data.json', '../surveys/Men_2019_Rate-Data.json', '../surveys/Oslowski_2019_Rate-Data.json', '../surveys/Petroff_2014_Rate-Data.json', '../surveys/Petroff_2015_Rate-Data.json', '../surveys/Qiu_2019_Rate-Data.json', '../surveys/Ravi_2015_Rate-Data.json', '../surveys/Shannon_2018_Rate-Data.json', '../surveys/Siemion_2011_Rate-Data.json', '../surveys/Spitler_2014_Rate-Data.json']

INFO:root:(array([ 1.,  4.,  1.,  0.,  1., 11.,  0.,  0.,  0.,  0.,  0.,  0.,  0.,
        0.,  0.,  3.,  0.,  0.,  1.,  0.,  0.,  4.,  0.,  1.,  1.,  1.,
       20.,  0.,  1.]), array([0.45      , 0.11666667, 0.45      , 0.11666667, 0.11666667,
       0.11666667, 0.03333333, 0.075     , 0.075     , 0.075     ,
       0.075     , 0.075     , 0.4       , 0.11666667, 0.5       ,
       0.11666667, 0.02916667, 0.075     , 0.125     , 0.02916667,
       0.075     , 0.11666667, 0.11666667, 0.11666667, 0.45      ,
       0.11666667, 0.45      , 1.25      , 0.03333333]), array([1.08000000e+04, 2.72200000e+03, 4.62960000e+04, 6.92380000e+03,
       1.19249000e+04, 3.62245000e+04, 3.21370000e+03, 2.19400000e+03,
       6.15000000e+02, 5.56000000e+02, 2.10000000e+02, 1.81000000e+02,
       1.20720000e+04, 2.02475000e+04, 1.66000000e+02, 9.62650000e+03,
       2.00000000e+01, 6.00000000e+01, 4.00000000e+02, 1.31583333e+01,
       6.01500000e+00, 6.59500000e+02, 1.20380000e+04, 1.11150000e+03,
       3.47000400e+04, 8.89200000e+02, 6.12000000e+04, 4.07400000e+03,
       8.05231000e+04]), array([9.29792604e+00, 2.80000000e-01, 2.46000000e+01, 2.64500000e-01,
       3.07500000e-01, 2.80000000e-01, 1.82500000e-01, 1.68000000e-01,
       1.06800000e+00, 3.00000000e-01, 9.60000000e-01, 3.12000000e-01,
       7.56000000e+00, 2.23500000e-01, 1.20000000e-01, 2.95000000e-01,
       2.10000000e-02, 8.70000000e-02, 2.70000000e-01, 2.10000000e-02,
       8.70000000e-02, 2.80000000e-01, 4.34000000e-01, 2.77500000e-01,
       2.46000000e+01, 2.77500000e-01, 2.46000000e+01, 5.90000000e+01,
       1.05000000e-01]), [[22], [0.7, 0.3, 0.43, 0.5], [24.210526315789476], [-1], [0.3], [1.3, 0.4, 0.5, 0.5, 0.87, 0.42, 0.69, 1.67, 0.18, 2.2, 27], [-1], [-1], [-1], [-1], [-1], [-1], [-1], [-1], [-1], [30, 0.25, 0.42], [-1], [-1], [0.6], [-1], [-1], [1.2, 23.5, 0.15, 0.6], [-1], [0.47], [177], [2.1], [24.166666666666668, 19.4, 7.727272727272727, 14.857142857142858, 29.6, 40.5, 40.55555555555555, 117.64705882352942, 27.39130434782609, 88.66666666666667, 21.05263157894737, 131.25, 40.74074074074074, 17.586206896551726, 28.695652173913047, 23.170731707317074, 22.22222222222222, 53.03867403314917], [-1], [0.4]])

INFO:root:log_ll([0.97504624, 1.91163861]) = 3810115.7341493666


INFO:root:ivar is [1.17609126 2.5       ]


INFO:root:19 CPUs
INFO:root:Sanity Check:
INFO:root:The number of user file(s) supplied is 23

INFO:root:The supplied file(s) is/are ['../surveys/Agarwal_2019_Rate-Data.json', '../surveys/Bhandari_2018_Rate-Data.json', '../surveys/Bhandari_2019_Rate-Data.json', '../surveys/Burgay_2012_Rate-Data.json', '../surveys/Burke-Spolaor_2014_Rate-Data.json', '../surveys/Champion_2016_Rate-Data.json', '../surveys/Deneva_2009_Rate-Data.json', '../surveys/GREENBURST_Rate-Data.json', '../surveys/Golpayegani_2019_Rate-Data.json', '../surveys/Keane_2010_Rate-Data.json', '../surveys/Law_2015_Rate-Data.json', '../surveys/Lorimer_2007_Rate-Data.json', '../surveys/Madison_2019_Rate-Data.json', '../surveys/Masui_2015_Rate-Data.json', '../surveys/Men_2019_Rate-Data.json', '../surveys/Oslowski_2019_Rate-Data.json', '../surveys/Petroff_2014_Rate-Data.json', '../surveys/Petroff_2015_Rate-Data.json', '../surveys/Qiu_2019_Rate-Data.json', '../surveys/Ravi_2015_Rate-Data.json', '../surveys/Shannon_2018_Rate-Data.json', '../surveys/Siemion_2011_Rate-Data.json', '../surveys/Spitler_2014_Rate-Data.json']

INFO:root:(array([ 1.,  4.,  1.,  0.,  1., 11.,  0.,  0.,  0.,  0.,  0.,  0.,  0.,
        0.,  0.,  3.,  0.,  0.,  1.,  0.,  0.,  4.,  0.,  1.,  1.,  1.,
       20.,  0.,  1.]), array([0.45      , 0.11666667, 0.45      , 0.11666667, 0.11666667,
       0.11666667, 0.03333333, 0.075     , 0.075     , 0.075     ,
       0.075     , 0.075     , 0.4       , 0.11666667, 0.5       ,
       0.11666667, 0.02916667, 0.075     , 0.125     , 0.02916667,
       0.075     , 0.11666667, 0.11666667, 0.11666667, 0.45      ,
       0.11666667, 0.45      , 1.25      , 0.03333333]), array([1.08000000e+04, 2.72200000e+03, 4.62960000e+04, 6.92380000e+03,
       1.19249000e+04, 3.62245000e+04, 3.21370000e+03, 2.19400000e+03,
       6.15000000e+02, 5.56000000e+02, 2.10000000e+02, 1.81000000e+02,
       1.20720000e+04, 2.02475000e+04, 1.66000000e+02, 9.62650000e+03,
       2.00000000e+01, 6.00000000e+01, 4.00000000e+02, 1.31583333e+01,
       6.01500000e+00, 6.59500000e+02, 1.20380000e+04, 1.11150000e+03,
       3.47000400e+04, 8.89200000e+02, 6.12000000e+04, 4.07400000e+03,
       8.05231000e+04]), array([9.29792604e+00, 2.80000000e-01, 2.46000000e+01, 2.64500000e-01,
       3.07500000e-01, 2.80000000e-01, 1.82500000e-01, 1.68000000e-01,
       1.06800000e+00, 3.00000000e-01, 9.60000000e-01, 3.12000000e-01,
       7.56000000e+00, 2.23500000e-01, 1.20000000e-01, 2.95000000e-01,
       2.10000000e-02, 8.70000000e-02, 2.70000000e-01, 2.10000000e-02,
       8.70000000e-02, 2.80000000e-01, 4.34000000e-01, 2.77500000e-01,
       2.46000000e+01, 2.77500000e-01, 2.46000000e+01, 5.90000000e+01,
       1.05000000e-01]), [[22], [0.7, 0.3, 0.43, 0.5], [24.210526315789476], [-1], [0.3], [1.3, 0.4, 0.5, 0.5, 0.87, 0.42, 0.69, 1.67, 0.18, 2.2, 27], [-1], [-1], [-1], [-1], [-1], [-1], [-1], [-1], [-1], [30, 0.25, 0.42], [-1], [-1], [0.6], [-1], [-1], [1.2, 23.5, 0.15, 0.6], [-1], [0.47], [177], [2.1], [24.166666666666668, 19.4, 7.727272727272727, 14.857142857142858, 29.6, 40.5, 40.55555555555555, 117.64705882352942, 27.39130434782609, 88.66666666666667, 21.05263157894737, 131.25, 40.74074074074074, 17.586206896551726, 28.695652173913047, 23.170731707317074, 22.22222222222222, 53.03867403314917], [-1], [0.4]])

INFO:root:log_ll([0.97504624, 1.91163861]) = 3810115.7341493666


INFO:root:ivar is [1.17609126 2.5       ]


INFO:root:19 CPUs
INFO:root:Sanity Check:
INFO:root:The number of user file(s) supplied is 23

INFO:root:The supplied file(s) is/are ['../surveys/Agarwal_2019_Rate-Data.json', '../surveys/Bhandari_2018_Rate-Data.json', '../surveys/Bhandari_2019_Rate-Data.json', '../surveys/Burgay_2012_Rate-Data.json', '../surveys/Burke-Spolaor_2014_Rate-Data.json', '../surveys/Champion_2016_Rate-Data.json', '../surveys/Deneva_2009_Rate-Data.json', '../surveys/GREENBURST_Rate-Data.json', '../surveys/Golpayegani_2019_Rate-Data.json', '../surveys/Keane_2010_Rate-Data.json', '../surveys/Law_2015_Rate-Data.json', '../surveys/Lorimer_2007_Rate-Data.json', '../surveys/Madison_2019_Rate-Data.json', '../surveys/Masui_2015_Rate-Data.json', '../surveys/Men_2019_Rate-Data.json', '../surveys/Oslowski_2019_Rate-Data.json', '../surveys/Petroff_2014_Rate-Data.json', '../surveys/Petroff_2015_Rate-Data.json', '../surveys/Qiu_2019_Rate-Data.json', '../surveys/Ravi_2015_Rate-Data.json', '../surveys/Shannon_2018_Rate-Data.json', '../surveys/Siemion_2011_Rate-Data.json', '../surveys/Spitler_2014_Rate-Data.json']

INFO:root:(array([ 1.,  4.,  1.,  0.,  1., 11.,  0.,  0.,  0.,  0.,  0.,  0.,  0.,
        0.,  0.,  3.,  0.,  0.,  1.,  0.,  0.,  4.,  0.,  1.,  1.,  1.,
       20.,  0.,  1.]), array([0.45      , 0.11666667, 0.45      , 0.11666667, 0.11666667,
       0.11666667, 0.03333333, 0.075     , 0.075     , 0.075     ,
       0.075     , 0.075     , 0.4       , 0.11666667, 0.5       ,
       0.11666667, 0.02916667, 0.075     , 0.125     , 0.02916667,
       0.075     , 0.11666667, 0.11666667, 0.11666667, 0.45      ,
       0.11666667, 0.45      , 1.25      , 0.03333333]), array([1.08000000e+04, 2.72200000e+03, 4.62960000e+04, 6.92380000e+03,
       1.19249000e+04, 3.62245000e+04, 3.21370000e+03, 2.19400000e+03,
       6.15000000e+02, 5.56000000e+02, 2.10000000e+02, 1.81000000e+02,
       1.20720000e+04, 2.02475000e+04, 1.66000000e+02, 9.62650000e+03,
       2.00000000e+01, 6.00000000e+01, 4.00000000e+02, 1.31583333e+01,
       6.01500000e+00, 6.59500000e+02, 1.20380000e+04, 1.11150000e+03,
       3.47000400e+04, 8.89200000e+02, 6.12000000e+04, 4.07400000e+03,
       8.05231000e+04]), array([9.29792604e+00, 2.80000000e-01, 2.46000000e+01, 2.64500000e-01,
       3.07500000e-01, 2.80000000e-01, 1.82500000e-01, 1.68000000e-01,
       1.06800000e+00, 3.00000000e-01, 9.60000000e-01, 3.12000000e-01,
       7.56000000e+00, 2.23500000e-01, 1.20000000e-01, 2.95000000e-01,
       2.10000000e-02, 8.70000000e-02, 2.70000000e-01, 2.10000000e-02,
       8.70000000e-02, 2.80000000e-01, 4.34000000e-01, 2.77500000e-01,
       2.46000000e+01, 2.77500000e-01, 2.46000000e+01, 5.90000000e+01,
       1.05000000e-01]), [[22], [0.7, 0.3, 0.43, 0.5], [24.210526315789476], [-1], [0.3], [1.3, 0.4, 0.5, 0.5, 0.87, 0.42, 0.69, 1.67, 0.18, 2.2, 27], [-1], [-1], [-1], [-1], [-1], [-1], [-1], [-1], [-1], [30, 0.25, 0.42], [-1], [-1], [0.6], [-1], [-1], [1.2, 23.5, 0.15, 0.6], [-1], [0.47], [177], [2.1], [24.166666666666668, 19.4, 7.727272727272727, 14.857142857142858, 29.6, 40.5, 40.55555555555555, 117.64705882352942, 27.39130434782609, 88.66666666666667, 21.05263157894737, 131.25, 40.74074074074074, 17.586206896551726, 28.695652173913047, 23.170731707317074, 22.22222222222222, 53.03867403314917], [-1], [0.4]])

INFO:root:log_ll([0.97504624, 1.91163861]) = 3810115.7341493666


INFO:root:ivar is [1.17609126 2.5       ]


INFO:root:19 CPUs
INFO:root:Sanity Check:
INFO:root:The number of user file(s) supplied is 23

INFO:root:The supplied file(s) is/are ['../surveys/Agarwal_2019_Rate-Data.json', '../surveys/Bhandari_2018_Rate-Data.json', '../surveys/Bhandari_2019_Rate-Data.json', '../surveys/Burgay_2012_Rate-Data.json', '../surveys/Burke-Spolaor_2014_Rate-Data.json', '../surveys/Champion_2016_Rate-Data.json', '../surveys/Deneva_2009_Rate-Data.json', '../surveys/GREENBURST_Rate-Data.json', '../surveys/Golpayegani_2019_Rate-Data.json', '../surveys/Keane_2010_Rate-Data.json', '../surveys/Law_2015_Rate-Data.json', '../surveys/Lorimer_2007_Rate-Data.json', '../surveys/Madison_2019_Rate-Data.json', '../surveys/Masui_2015_Rate-Data.json', '../surveys/Men_2019_Rate-Data.json', '../surveys/Oslowski_2019_Rate-Data.json', '../surveys/Petroff_2014_Rate-Data.json', '../surveys/Petroff_2015_Rate-Data.json', '../surveys/Qiu_2019_Rate-Data.json', '../surveys/Ravi_2015_Rate-Data.json', '../surveys/Shannon_2018_Rate-Data.json', '../surveys/Siemion_2011_Rate-Data.json', '../surveys/Spitler_2014_Rate-Data.json']

INFO:root:(array([ 1.,  4.,  1.,  0.,  1., 11.,  0.,  0.,  0.,  0.,  0.,  0.,  0.,
        0.,  0.,  3.,  0.,  0.,  1.,  0.,  0.,  4.,  0.,  1.,  1.,  1.,
       20.,  0.,  1.]), array([0.45      , 0.11666667, 0.45      , 0.11666667, 0.11666667,
       0.11666667, 0.03333333, 0.075     , 0.075     , 0.075     ,
       0.075     , 0.075     , 0.4       , 0.11666667, 0.5       ,
       0.11666667, 0.02916667, 0.075     , 0.125     , 0.02916667,
       0.075     , 0.11666667, 0.11666667, 0.11666667, 0.45      ,
       0.11666667, 0.45      , 1.25      , 0.03333333]), array([1.08000000e+04, 2.72200000e+03, 4.62960000e+04, 6.92380000e+03,
       1.19249000e+04, 3.62245000e+04, 3.21370000e+03, 2.19400000e+03,
       6.15000000e+02, 5.56000000e+02, 2.10000000e+02, 1.81000000e+02,
       1.20720000e+04, 2.02475000e+04, 1.66000000e+02, 9.62650000e+03,
       2.00000000e+01, 6.00000000e+01, 4.00000000e+02, 1.31583333e+01,
       6.01500000e+00, 6.59500000e+02, 1.20380000e+04, 1.11150000e+03,
       3.47000400e+04, 8.89200000e+02, 6.12000000e+04, 4.07400000e+03,
       8.05231000e+04]), array([9.29792604e+00, 2.80000000e-01, 2.46000000e+01, 2.64500000e-01,
       3.07500000e-01, 2.80000000e-01, 1.82500000e-01, 1.68000000e-01,
       1.06800000e+00, 3.00000000e-01, 9.60000000e-01, 3.12000000e-01,
       7.56000000e+00, 2.23500000e-01, 1.20000000e-01, 2.95000000e-01,
       2.10000000e-02, 8.70000000e-02, 2.70000000e-01, 2.10000000e-02,
       8.70000000e-02, 2.80000000e-01, 4.34000000e-01, 2.77500000e-01,
       2.46000000e+01, 2.77500000e-01, 2.46000000e+01, 5.90000000e+01,
       1.05000000e-01]), [[22], [0.7, 0.3, 0.43, 0.5], [24.210526315789476], [-1], [0.3], [1.3, 0.4, 0.5, 0.5, 0.87, 0.42, 0.69, 1.67, 0.18, 2.2, 27], [-1], [-1], [-1], [-1], [-1], [-1], [-1], [-1], [-1], [30, 0.25, 0.42], [-1], [-1], [0.6], [-1], [-1], [1.2, 23.5, 0.15, 0.6], [-1], [0.47], [177], [2.1], [24.166666666666668, 19.4, 7.727272727272727, 14.857142857142858, 29.6, 40.5, 40.55555555555555, 117.64705882352942, 27.39130434782609, 88.66666666666667, 21.05263157894737, 131.25, 40.74074074074074, 17.586206896551726, 28.695652173913047, 23.170731707317074, 22.22222222222222, 53.03867403314917], [-1], [0.4]])

INFO:root:Sanity Check:
INFO:root:The number of user file(s) supplied is 23

INFO:root:The supplied file(s) is/are ['../surveys/Agarwal_2019_Rate-Data.json', '../surveys/Bhandari_2018_Rate-Data.json', '../surveys/Bhandari_2019_Rate-Data.json', '../surveys/Burgay_2012_Rate-Data.json', '../surveys/Burke-Spolaor_2014_Rate-Data.json', '../surveys/Champion_2016_Rate-Data.json', '../surveys/Deneva_2009_Rate-Data.json', '../surveys/GREENBURST_Rate-Data.json', '../surveys/Golpayegani_2019_Rate-Data.json', '../surveys/Keane_2010_Rate-Data.json', '../surveys/Law_2015_Rate-Data.json', '../surveys/Lorimer_2007_Rate-Data.json', '../surveys/Madison_2019_Rate-Data.json', '../surveys/Masui_2015_Rate-Data.json', '../surveys/Men_2019_Rate-Data.json', '../surveys/Oslowski_2019_Rate-Data.json', '../surveys/Petroff_2014_Rate-Data.json', '../surveys/Petroff_2015_Rate-Data.json', '../surveys/Qiu_2019_Rate-Data.json', '../surveys/Ravi_2015_Rate-Data.json', '../surveys/Shannon_2018_Rate-Data.json', '../surveys/Siemion_2011_Rate-Data.json', '../surveys/Spitler_2014_Rate-Data.json']

INFO:root:(array([ 1.,  4.,  1.,  0.,  1., 11.,  0.,  0.,  0.,  0.,  0.,  0.,  0.,
        0.,  0.,  3.,  0.,  0.,  1.,  0.,  0.,  4.,  0.,  1.,  1.,  1.,
       20.,  0.,  1.]), array([0.45      , 0.11666667, 0.45      , 0.11666667, 0.11666667,
       0.11666667, 0.03333333, 0.075     , 0.075     , 0.075     ,
       0.075     , 0.075     , 0.4       , 0.11666667, 0.5       ,
       0.11666667, 0.02916667, 0.075     , 0.125     , 0.02916667,
       0.075     , 0.11666667, 0.11666667, 0.11666667, 0.45      ,
       0.11666667, 0.45      , 1.25      , 0.03333333]), array([1.08000000e+04, 2.72200000e+03, 4.62960000e+04, 6.92380000e+03,
       1.19249000e+04, 3.62245000e+04, 3.21370000e+03, 2.19400000e+03,
       6.15000000e+02, 5.56000000e+02, 2.10000000e+02, 1.81000000e+02,
       1.20720000e+04, 2.02475000e+04, 1.66000000e+02, 9.62650000e+03,
       2.00000000e+01, 6.00000000e+01, 4.00000000e+02, 1.31583333e+01,
       6.01500000e+00, 6.59500000e+02, 1.20380000e+04, 1.11150000e+03,
       3.47000400e+04, 8.89200000e+02, 6.12000000e+04, 4.07400000e+03,
       8.05231000e+04]), array([9.29792604e+00, 2.80000000e-01, 2.46000000e+01, 2.64500000e-01,
       3.07500000e-01, 2.80000000e-01, 1.82500000e-01, 1.68000000e-01,
       1.06800000e+00, 3.00000000e-01, 9.60000000e-01, 3.12000000e-01,
       7.56000000e+00, 2.23500000e-01, 1.20000000e-01, 2.95000000e-01,
       2.10000000e-02, 8.70000000e-02, 2.70000000e-01, 2.10000000e-02,
       8.70000000e-02, 2.80000000e-01, 4.34000000e-01, 2.77500000e-01,
       2.46000000e+01, 2.77500000e-01, 2.46000000e+01, 5.90000000e+01,
       1.05000000e-01]), [[22], [0.7, 0.3, 0.43, 0.5], [24.210526315789476], [-1], [0.3], [1.3, 0.4, 0.5, 0.5, 0.87, 0.42, 0.69, 1.67, 0.18, 2.2, 27], [-1], [-1], [-1], [-1], [-1], [-1], [-1], [-1], [-1], [30, 0.25, 0.42], [-1], [-1], [0.6], [-1], [-1], [1.2, 23.5, 0.15, 0.6], [-1], [0.47], [177], [2.1], [24.166666666666668, 19.4, 7.727272727272727, 14.857142857142858, 29.6, 40.5, 40.55555555555555, 117.64705882352942, 27.39130434782609, 88.66666666666667, 21.05263157894737, 131.25, 40.74074074074074, 17.586206896551726, 28.695652173913047, 23.170731707317074, 22.22222222222222, 53.03867403314917], [-1], [0.4]])

INFO:root:log_ll([0.97504624, 1.91163861]) = 3810115.7341493666


INFO:root:ivar is [1.17609126 2.5       ]


INFO:root:19 CPUs
INFO:root:Sanity Check:
INFO:root:The number of user file(s) supplied is 23

INFO:root:The supplied file(s) is/are ['../surveys/Agarwal_2019_Rate-Data.json', '../surveys/Bhandari_2018_Rate-Data.json', '../surveys/Bhandari_2019_Rate-Data.json', '../surveys/Burgay_2012_Rate-Data.json', '../surveys/Burke-Spolaor_2014_Rate-Data.json', '../surveys/Champion_2016_Rate-Data.json', '../surveys/Deneva_2009_Rate-Data.json', '../surveys/GREENBURST_Rate-Data.json', '../surveys/Golpayegani_2019_Rate-Data.json', '../surveys/Keane_2010_Rate-Data.json', '../surveys/Law_2015_Rate-Data.json', '../surveys/Lorimer_2007_Rate-Data.json', '../surveys/Madison_2019_Rate-Data.json', '../surveys/Masui_2015_Rate-Data.json', '../surveys/Men_2019_Rate-Data.json', '../surveys/Oslowski_2019_Rate-Data.json', '../surveys/Petroff_2014_Rate-Data.json', '../surveys/Petroff_2015_Rate-Data.json', '../surveys/Qiu_2019_Rate-Data.json', '../surveys/Ravi_2015_Rate-Data.json', '../surveys/Shannon_2018_Rate-Data.json', '../surveys/Siemion_2011_Rate-Data.json', '../surveys/Spitler_2014_Rate-Data.json']

INFO:root:(array([ 1.,  4.,  1.,  0.,  1., 11.,  0.,  0.,  0.,  0.,  0.,  0.,  0.,
        0.,  0.,  3.,  0.,  0.,  1.,  0.,  0.,  4.,  0.,  1.,  1.,  1.,
       20.,  0.,  1.]), array([0.45      , 0.11666667, 0.45      , 0.11666667, 0.11666667,
       0.11666667, 0.03333333, 0.075     , 0.075     , 0.075     ,
       0.075     , 0.075     , 0.4       , 0.11666667, 0.5       ,
       0.11666667, 0.02916667, 0.075     , 0.125     , 0.02916667,
       0.075     , 0.11666667, 0.11666667, 0.11666667, 0.45      ,
       0.11666667, 0.45      , 1.25      , 0.03333333]), array([1.08000000e+04, 2.72200000e+03, 4.62960000e+04, 6.92380000e+03,
       1.19249000e+04, 3.62245000e+04, 3.21370000e+03, 2.19400000e+03,
       6.15000000e+02, 5.56000000e+02, 2.10000000e+02, 1.81000000e+02,
       1.20720000e+04, 2.02475000e+04, 1.66000000e+02, 9.62650000e+03,
       2.00000000e+01, 6.00000000e+01, 4.00000000e+02, 1.31583333e+01,
       6.01500000e+00, 6.59500000e+02, 1.20380000e+04, 1.11150000e+03,
       3.47000400e+04, 8.89200000e+02, 6.12000000e+04, 4.07400000e+03,
       8.05231000e+04]), array([9.29792604e+00, 2.80000000e-01, 2.46000000e+01, 2.64500000e-01,
       3.07500000e-01, 2.80000000e-01, 1.82500000e-01, 1.68000000e-01,
       1.06800000e+00, 3.00000000e-01, 9.60000000e-01, 3.12000000e-01,
       7.56000000e+00, 2.23500000e-01, 1.20000000e-01, 2.95000000e-01,
       2.10000000e-02, 8.70000000e-02, 2.70000000e-01, 2.10000000e-02,
       8.70000000e-02, 2.80000000e-01, 4.34000000e-01, 2.77500000e-01,
       2.46000000e+01, 2.77500000e-01, 2.46000000e+01, 5.90000000e+01,
       1.05000000e-01]), [[22], [0.7, 0.3, 0.43, 0.5], [24.210526315789476], [-1], [0.3], [1.3, 0.4, 0.5, 0.5, 0.87, 0.42, 0.69, 1.67, 0.18, 2.2, 27], [-1], [-1], [-1], [-1], [-1], [-1], [-1], [-1], [-1], [30, 0.25, 0.42], [-1], [-1], [0.6], [-1], [-1], [1.2, 23.5, 0.15, 0.6], [-1], [0.47], [177], [2.1], [24.166666666666668, 19.4, 7.727272727272727, 14.857142857142858, 29.6, 40.5, 40.55555555555555, 117.64705882352942, 27.39130434782609, 88.66666666666667, 21.05263157894737, 131.25, 40.74074074074074, 17.586206896551726, 28.695652173913047, 23.170731707317074, 22.22222222222222, 53.03867403314917], [-1], [0.4]])

INFO:root:Sanity Check:
INFO:root:The number of user file(s) supplied is 23

INFO:root:The supplied file(s) is/are ['../surveys/Agarwal_2019_Rate-Data.json', '../surveys/Bhandari_2018_Rate-Data.json', '../surveys/Bhandari_2019_Rate-Data.json', '../surveys/Burgay_2012_Rate-Data.json', '../surveys/Burke-Spolaor_2014_Rate-Data.json', '../surveys/Champion_2016_Rate-Data.json', '../surveys/Deneva_2009_Rate-Data.json', '../surveys/GREENBURST_Rate-Data.json', '../surveys/Golpayegani_2019_Rate-Data.json', '../surveys/Keane_2010_Rate-Data.json', '../surveys/Law_2015_Rate-Data.json', '../surveys/Lorimer_2007_Rate-Data.json', '../surveys/Madison_2019_Rate-Data.json', '../surveys/Masui_2015_Rate-Data.json', '../surveys/Men_2019_Rate-Data.json', '../surveys/Oslowski_2019_Rate-Data.json', '../surveys/Petroff_2014_Rate-Data.json', '../surveys/Petroff_2015_Rate-Data.json', '../surveys/Qiu_2019_Rate-Data.json', '../surveys/Ravi_2015_Rate-Data.json', '../surveys/Shannon_2018_Rate-Data.json', '../surveys/Siemion_2011_Rate-Data.json', '../surveys/Spitler_2014_Rate-Data.json']

INFO:root:(array([ 1.,  4.,  1.,  0.,  1., 11.,  0.,  0.,  0.,  0.,  0.,  0.,  0.,
        0.,  0.,  3.,  0.,  0.,  1.,  0.,  0.,  4.,  0.,  1.,  1.,  1.,
       20.,  0.,  1.]), array([0.45      , 0.11666667, 0.45      , 0.11666667, 0.11666667,
       0.11666667, 0.03333333, 0.075     , 0.075     , 0.075     ,
       0.075     , 0.075     , 0.4       , 0.11666667, 0.5       ,
       0.11666667, 0.02916667, 0.075     , 0.125     , 0.02916667,
       0.075     , 0.11666667, 0.11666667, 0.11666667, 0.45      ,
       0.11666667, 0.45      , 1.25      , 0.03333333]), array([1.08000000e+04, 2.72200000e+03, 4.62960000e+04, 6.92380000e+03,
       1.19249000e+04, 3.62245000e+04, 3.21370000e+03, 2.19400000e+03,
       6.15000000e+02, 5.56000000e+02, 2.10000000e+02, 1.81000000e+02,
       1.20720000e+04, 2.02475000e+04, 1.66000000e+02, 9.62650000e+03,
       2.00000000e+01, 6.00000000e+01, 4.00000000e+02, 1.31583333e+01,
       6.01500000e+00, 6.59500000e+02, 1.20380000e+04, 1.11150000e+03,
       3.47000400e+04, 8.89200000e+02, 6.12000000e+04, 4.07400000e+03,
       8.05231000e+04]), array([9.29792604e+00, 2.80000000e-01, 2.46000000e+01, 2.64500000e-01,
       3.07500000e-01, 2.80000000e-01, 1.82500000e-01, 1.68000000e-01,
       1.06800000e+00, 3.00000000e-01, 9.60000000e-01, 3.12000000e-01,
       7.56000000e+00, 2.23500000e-01, 1.20000000e-01, 2.95000000e-01,
       2.10000000e-02, 8.70000000e-02, 2.70000000e-01, 2.10000000e-02,
       8.70000000e-02, 2.80000000e-01, 4.34000000e-01, 2.77500000e-01,
       2.46000000e+01, 2.77500000e-01, 2.46000000e+01, 5.90000000e+01,
       1.05000000e-01]), [[22], [0.7, 0.3, 0.43, 0.5], [24.210526315789476], [-1], [0.3], [1.3, 0.4, 0.5, 0.5, 0.87, 0.42, 0.69, 1.67, 0.18, 2.2, 27], [-1], [-1], [-1], [-1], [-1], [-1], [-1], [-1], [-1], [30, 0.25, 0.42], [-1], [-1], [0.6], [-1], [-1], [1.2, 23.5, 0.15, 0.6], [-1], [0.47], [177], [2.1], [24.166666666666668, 19.4, 7.727272727272727, 14.857142857142858, 29.6, 40.5, 40.55555555555555, 117.64705882352942, 27.39130434782609, 88.66666666666667, 21.05263157894737, 131.25, 40.74074074074074, 17.586206896551726, 28.695652173913047, 23.170731707317074, 22.22222222222222, 53.03867403314917], [-1], [0.4]])

INFO:root:log_ll([0.97504624, 1.91163861]) = -367452.5765698501


INFO:root:ivar is [1.17609126 2.5       ]


INFO:root:19 CPUs
INFO:root:burn-in: 98
INFO:root:thin: 21
INFO:root:flat chain shape: (279600, 2)
INFO:root:flat log prob shape: (279600,)
INFO:root:Sanity Check:
INFO:root:The number of user file(s) supplied is 23

INFO:root:The supplied file(s) is/are ['../surveys/Agarwal_2019_Rate-Data.json', '../surveys/Bhandari_2018_Rate-Data.json', '../surveys/Bhandari_2019_Rate-Data.json', '../surveys/Burgay_2012_Rate-Data.json', '../surveys/Burke-Spolaor_2014_Rate-Data.json', '../surveys/Champion_2016_Rate-Data.json', '../surveys/Deneva_2009_Rate-Data.json', '../surveys/GREENBURST_Rate-Data.json', '../surveys/Golpayegani_2019_Rate-Data.json', '../surveys/Keane_2010_Rate-Data.json', '../surveys/Law_2015_Rate-Data.json', '../surveys/Lorimer_2007_Rate-Data.json', '../surveys/Madison_2019_Rate-Data.json', '../surveys/Masui_2015_Rate-Data.json', '../surveys/Men_2019_Rate-Data.json', '../surveys/Oslowski_2019_Rate-Data.json', '../surveys/Petroff_2014_Rate-Data.json', '../surveys/Petroff_2015_Rate-Data.json', '../surveys/Qiu_2019_Rate-Data.json', '../surveys/Ravi_2015_Rate-Data.json', '../surveys/Shannon_2018_Rate-Data.json', '../surveys/Siemion_2011_Rate-Data.json', '../surveys/Spitler_2014_Rate-Data.json']

INFO:root:(array([ 1.,  4.,  1.,  0.,  1., 11.,  0.,  0.,  0.,  0.,  0.,  0.,  0.,
        0.,  0.,  3.,  0.,  0.,  1.,  0.,  0.,  4.,  0.,  1.,  1.,  1.,
       20.,  0.,  1.]), array([0.45      , 0.11666667, 0.45      , 0.11666667, 0.11666667,
       0.11666667, 0.03333333, 0.075     , 0.075     , 0.075     ,
       0.075     , 0.075     , 0.4       , 0.11666667, 0.5       ,
       0.11666667, 0.02916667, 0.075     , 0.125     , 0.02916667,
       0.075     , 0.11666667, 0.11666667, 0.11666667, 0.45      ,
       0.11666667, 0.45      , 1.25      , 0.03333333]), array([1.08000000e+04, 2.72200000e+03, 4.62960000e+04, 6.92380000e+03,
       1.19249000e+04, 3.62245000e+04, 3.21370000e+03, 2.19400000e+03,
       6.15000000e+02, 5.56000000e+02, 2.10000000e+02, 1.81000000e+02,
       1.20720000e+04, 2.02475000e+04, 1.66000000e+02, 9.62650000e+03,
       2.00000000e+01, 6.00000000e+01, 4.00000000e+02, 1.31583333e+01,
       6.01500000e+00, 6.59500000e+02, 1.20380000e+04, 1.11150000e+03,
       3.47000400e+04, 8.89200000e+02, 6.12000000e+04, 4.07400000e+03,
       8.05231000e+04]), array([9.29792604e+00, 2.80000000e-01, 2.46000000e+01, 2.64500000e-01,
       3.07500000e-01, 2.80000000e-01, 1.82500000e-01, 1.68000000e-01,
       1.06800000e+00, 3.00000000e-01, 9.60000000e-01, 3.12000000e-01,
       7.56000000e+00, 2.23500000e-01, 1.20000000e-01, 2.95000000e-01,
       2.10000000e-02, 8.70000000e-02, 2.70000000e-01, 2.10000000e-02,
       8.70000000e-02, 2.80000000e-01, 4.34000000e-01, 2.77500000e-01,
       2.46000000e+01, 2.77500000e-01, 2.46000000e+01, 5.90000000e+01,
       1.05000000e-01]), [[22], [0.7, 0.3, 0.43, 0.5], [24.210526315789476], [-1], [0.3], [1.3, 0.4, 0.5, 0.5, 0.87, 0.42, 0.69, 1.67, 0.18, 2.2, 27], [-1], [-1], [-1], [-1], [-1], [-1], [-1], [-1], [-1], [30, 0.25, 0.42], [-1], [-1], [0.6], [-1], [-1], [1.2, 23.5, 0.15, 0.6], [-1], [0.47], [177], [2.1], [24.166666666666668, 19.4, 7.727272727272727, 14.857142857142858, 29.6, 40.5, 40.55555555555555, 117.64705882352942, 27.39130434782609, 88.66666666666667, 21.05263157894737, 131.25, 40.74074074074074, 17.586206896551726, 28.695652173913047, 23.170731707317074, 22.22222222222222, 53.03867403314917], [-1], [0.4]])

INFO:root:log_ll([0.97504624, 1.91163861]) = -367452.5765698501


INFO:root:ivar is [1.17609126 2.5       ]


INFO:root:19 CPUs
INFO:root:burn-in: 95
INFO:root:thin: 20
INFO:root:flat chain shape: (288000, 2)
INFO:root:flat log prob shape: (288000,)
INFO:root:the name of the np array file is all_samples_MCMC.npz
